<?xml version="1.0" ?>
<!DOCTYPE coverage SYSTEM "http://cobertura.sourceforge.net/xml/coverage-04.dtd">
<coverage lines-valid="2" lines-covered="1" line-rate="0.5" branches-valid="0" branches-covered="0" branch-rate="1" timestamp="1645750442995" complexity="0" version="0.1">
  <sources>
    <source>D:\Documentos\Usac\Primer Semestre 2022\Software Avanzado\Laboratorio\SA\Practica_4\frontendpractica2</source>
  </sources>
  <packages>
    <package name="src" line-rate="0" branch-rate="1">
      <classes>
        <class name="App.vue" filename="src\App.vue" line-rate="0" branch-rate="1">
          <methods>
            <method name="(anonymous_0)" hits="0" signature="()V">
              <lines>
                <line number="1" hits="0"/>
              </lines>
            </method>
          </methods>
          <lines>
            <line number="1" hits="0" branch="false"/>
          </lines>
        </class>
      </classes>
    </package>
    <package name="src.components" line-rate="1" branch-rate="1">
      <classes>
        <class name="HelloWorld.vue" filename="src\components\HelloWorld.vue" line-rate="1" branch-rate="1">
          <methods>
            <method name="(anonymous_0)" hits="2" signature="()V">
              <lines>
                <line number="1" hits="2"/>
              </lines>
            </method>
          </methods>
          <lines>
            <line number="1" hits="12" branch="false"/>
          </lines>
        </class>
      </classes>
    </package>
  </packages>
</coverage>
