{"D:\\Documentos\\Usac\\Primer Semestre 2022\\Software Avanzado\\Laboratorio\\SA\\Practica_4\\frontendpractica2\\src\\App.vue": {"path":"D:\\Documentos\\Usac\\Primer Semestre 2022\\Software Avanzado\\Laboratorio\\SA\\Practica_4\\frontendpractica2\\src\\App.vue","statementMap":{"0":{"start":{"line":1,"column":0},"end":{"line":1,"column":null}}},"fnMap":{"0":{"name":"(anonymous_0)","decl":{"start":{"line":1,"column":0},"end":{"line":1,"column":null}},"loc":{"start":{"line":1,"column":0},"end":{"line":1,"column":null}}}},"branchMap":{},"s":{"0":0},"f":{"0":0},"b":{}}
,"D:\\Documentos\\Usac\\Primer Semestre 2022\\Software Avanzado\\Laboratorio\\SA\\Practica_4\\frontendpractica2\\src\\components\\HelloWorld.vue": {"path":"D:\\Documentos\\Usac\\Primer Semestre 2022\\Software Avanzado\\Laboratorio\\SA\\Practica_4\\frontendpractica2\\src\\components\\HelloWorld.vue","statementMap":{"0":{"start":{"line":1,"column":0},"end":{"line":1,"column":null}}},"fnMap":{"0":{"name":"(anonymous_0)","decl":{"start":{"line":1,"column":0},"end":{"line":1,"column":null}},"loc":{"start":{"line":1,"column":0},"end":{"line":1,"column":null}}}},"branchMap":{},"s":{"0":12},"f":{"0":2},"b":{}}
}
